<?xml version="1.0" encoding="UTF-8"?>
<testng-results ignored="0" total="1" passed="1" failed="0" skipped="0">
  <reporter-output>
  </reporter-output>
  <suite started-at="2021-05-26T00:31:57 IST" name="Default suite" finished-at="2021-05-26T00:32:09 IST" duration-ms="11608">
    <groups>
    </groups>
    <test started-at="2021-05-26T00:31:57 IST" name="Default test" finished-at="2021-05-26T00:32:09 IST" duration-ms="11608">
      <class name="Get_Request">
        <test-method signature="getSpacexLaunchDetails()[pri:0, instance:Get_Request@4de4b452]" started-at="2021-05-26T00:31:57 IST" name="getSpacexLaunchDetails" finished-at="2021-05-26T00:32:09 IST" duration-ms="11428" status="PASS">
          <reporter-output>
          </reporter-output>
        </test-method> <!-- getSpacexLaunchDetails -->
      </class> <!-- Get_Request -->
    </test> <!-- Default test -->
  </suite> <!-- Default suite -->
</testng-results>
